This is pdfTeX, Version 3.14159265-2.6-1.40.21 (MiKTeX 2.9.7380 64-bit) (preloaded format=pdflatex 2020.3.30)  27 APR 2020 19:35
entering extended mode
**./Article.tex
(Article.tex
LaTeX2e <2020-02-02> patch level 5
L3 programming layer <2020-03-06>
("C:\Users\Alberto Coronavirus\AppData\Local\Programs\MiKTeX 2.9\tex/latex/base
\article.cls"
Document Class: article 2019/12/20 v1.4l Standard LaTeX document class

("C:\Users\Alberto Coronavirus\AppData\Local\Programs\MiKTeX 2.9\tex/latex/base
\size12.clo"
File: size12.clo 2019/12/20 v1.4l Standard LaTeX file (size option)
)
\c@part=\count167
\c@section=\count168
\c@subsection=\count169
\c@subsubsection=\count170
\c@paragraph=\count171
\c@subparagraph=\count172
\c@figure=\count173
\c@table=\count174
\abovecaptionskip=\skip47
\belowcaptionskip=\skip48
\bibindent=\dimen134
)
("C:\Users\Alberto Coronavirus\AppData\Local\Programs\MiKTeX 2.9\tex/latex/geom
etry\geometry.sty"
Package: geometry 2020/01/02 v5.9 Page Geometry

("C:\Users\Alberto Coronavirus\AppData\Local\Programs\MiKTeX 2.9\tex/latex/grap
hics\keyval.sty"
Package: keyval 2014/10/28 v1.15 key=value parser (DPC)
\KV@toks@=\toks15
)
("C:\Users\Alberto Coronavirus\AppData\Local\Programs\MiKTeX 2.9\tex/generic/if
tex\ifvtex.sty"
Package: ifvtex 2019/10/25 v1.7 ifvtex legacy package. Use iftex instead.

("C:\Users\Alberto Coronavirus\AppData\Local\Programs\MiKTeX 2.9\tex/generic/if
tex\iftex.sty"
Package: iftex 2020/03/06 v1.0d TeX engine tests
))
\Gm@cnth=\count175
\Gm@cntv=\count176
\c@Gm@tempcnt=\count177
\Gm@bindingoffset=\dimen135
\Gm@wd@mp=\dimen136
\Gm@odd@mp=\dimen137
\Gm@even@mp=\dimen138
\Gm@layoutwidth=\dimen139
\Gm@layoutheight=\dimen140
\Gm@layouthoffset=\dimen141
\Gm@layoutvoffset=\dimen142
\Gm@dimlist=\toks16

("C:\Users\Alberto Coronavirus\AppData\Local\Programs\MiKTeX 2.9\tex/latex/geom
etry\geometry.cfg"))
("C:\Users\Alberto Coronavirus\AppData\Local\Programs\MiKTeX 2.9\tex/latex/grap
hics\graphicx.sty"
Package: graphicx 2019/11/30 v1.2a Enhanced LaTeX Graphics (DPC,SPQR)

("C:\Users\Alberto Coronavirus\AppData\Local\Programs\MiKTeX 2.9\tex/latex/grap
hics\graphics.sty"
Package: graphics 2019/11/30 v1.4a Standard LaTeX Graphics (DPC,SPQR)

("C:\Users\Alberto Coronavirus\AppData\Local\Programs\MiKTeX 2.9\tex/latex/grap
hics\trig.sty"
Package: trig 2016/01/03 v1.10 sin cos tan (DPC)
)
("C:\Users\Alberto Coronavirus\AppData\Local\Programs\MiKTeX 2.9\tex/latex/grap
hics-cfg\graphics.cfg"
File: graphics.cfg 2016/06/04 v1.11 sample graphics configuration
)
Package graphics Info: Driver file: pdftex.def on input line 105.

("C:\Users\Alberto Coronavirus\AppData\Local\Programs\MiKTeX 2.9\tex/latex/grap
hics-def\pdftex.def"
File: pdftex.def 2018/01/08 v1.0l Graphics/color driver for pdftex
))
\Gin@req@height=\dimen143
\Gin@req@width=\dimen144
)
("C:\Users\Alberto Coronavirus\AppData\Local\Programs\MiKTeX 2.9\tex/latex/amsf
onts\amssymb.sty"
Package: amssymb 2013/01/14 v3.01 AMS font symbols

("C:\Users\Alberto Coronavirus\AppData\Local\Programs\MiKTeX 2.9\tex/latex/amsf
onts\amsfonts.sty"
Package: amsfonts 2013/01/14 v3.01 Basic AMSFonts support
\@emptytoks=\toks17
\symAMSa=\mathgroup4
\symAMSb=\mathgroup5
LaTeX Font Info:    Redeclaring math symbol \hbar on input line 98.
LaTeX Font Info:    Overwriting math alphabet `\mathfrak' in version `bold'
(Font)                  U/euf/m/n --> U/euf/b/n on input line 106.
))
("C:\Users\Alberto Coronavirus\AppData\Local\Programs\MiKTeX 2.9\tex/latex/math
tools\mathtools.sty"
Package: mathtools 2020/01/17 v1.23 mathematical typesetting tools

("C:\Users\Alberto Coronavirus\AppData\Local\Programs\MiKTeX 2.9\tex/latex/tool
s\calc.sty"
Package: calc 2017/05/25 v4.3 Infix arithmetic (KKT,FJ)
\calc@Acount=\count178
\calc@Bcount=\count179
\calc@Adimen=\dimen145
\calc@Bdimen=\dimen146
\calc@Askip=\skip49
\calc@Bskip=\skip50
LaTeX Info: Redefining \setlength on input line 80.
LaTeX Info: Redefining \addtolength on input line 81.
\calc@Ccount=\count180
\calc@Cskip=\skip51
)
("C:\Users\Alberto Coronavirus\AppData\Local\Programs\MiKTeX 2.9\tex/latex/math
tools\mhsetup.sty"
Package: mhsetup 2017/03/31 v1.3 programming setup (MH)
)
("C:\Users\Alberto Coronavirus\AppData\Local\Programs\MiKTeX 2.9\tex/latex/amsm
ath\amsmath.sty"
Package: amsmath 2020/01/20 v2.17e AMS math features
\@mathmargin=\skip52

For additional information on amsmath, use the `?' option.

("C:\Users\Alberto Coronavirus\AppData\Local\Programs\MiKTeX 2.9\tex/latex/amsm
ath\amstext.sty"
Package: amstext 2000/06/29 v2.01 AMS text

("C:\Users\Alberto Coronavirus\AppData\Local\Programs\MiKTeX 2.9\tex/latex/amsm
ath\amsgen.sty"
File: amsgen.sty 1999/11/30 v2.0 generic functions
\@emptytoks=\toks18
\ex@=\dimen147
))
("C:\Users\Alberto Coronavirus\AppData\Local\Programs\MiKTeX 2.9\tex/latex/amsm
ath\amsbsy.sty"
Package: amsbsy 1999/11/29 v1.2d Bold Symbols
\pmbraise@=\dimen148
)
("C:\Users\Alberto Coronavirus\AppData\Local\Programs\MiKTeX 2.9\tex/latex/amsm
ath\amsopn.sty"
Package: amsopn 2016/03/08 v2.02 operator names
)
\inf@bad=\count181
LaTeX Info: Redefining \frac on input line 227.
\uproot@=\count182
\leftroot@=\count183
LaTeX Info: Redefining \overline on input line 389.
\classnum@=\count184
\DOTSCASE@=\count185
LaTeX Info: Redefining \ldots on input line 486.
LaTeX Info: Redefining \dots on input line 489.
LaTeX Info: Redefining \cdots on input line 610.
\Mathstrutbox@=\box45
\strutbox@=\box46
\big@size=\dimen149
LaTeX Font Info:    Redeclaring font encoding OML on input line 733.
LaTeX Font Info:    Redeclaring font encoding OMS on input line 734.
\macc@depth=\count186
\c@MaxMatrixCols=\count187
\dotsspace@=\muskip16
\c@parentequation=\count188
\dspbrk@lvl=\count189
\tag@help=\toks19
\row@=\count190
\column@=\count191
\maxfields@=\count192
\andhelp@=\toks20
\eqnshift@=\dimen150
\alignsep@=\dimen151
\tagshift@=\dimen152
\tagwidth@=\dimen153
\totwidth@=\dimen154
\lineht@=\dimen155
\@envbody=\toks21
\multlinegap=\skip53
\multlinetaggap=\skip54
\mathdisplay@stack=\toks22
LaTeX Info: Redefining \[ on input line 2859.
LaTeX Info: Redefining \] on input line 2860.
)
LaTeX Info: Thecontrolsequence`\('isalreadyrobust on input line 129.
LaTeX Info: Thecontrolsequence`\)'isalreadyrobust on input line 129.
LaTeX Info: Thecontrolsequence`\['isalreadyrobust on input line 129.
LaTeX Info: Thecontrolsequence`\]'isalreadyrobust on input line 129.
\g_MT_multlinerow_int=\count193
\l_MT_multwidth_dim=\dimen156
\origjot=\skip55
\l_MT_shortvdotswithinadjustabove_dim=\dimen157
\l_MT_shortvdotswithinadjustbelow_dim=\dimen158
\l_MT_above_intertext_sep=\dimen159
\l_MT_below_intertext_sep=\dimen160
\l_MT_above_shortintertext_sep=\dimen161
\l_MT_below_shortintertext_sep=\dimen162
)
("C:\Users\Alberto Coronavirus\AppData\Local\Programs\MiKTeX 2.9\tex/latex/amsc
ls\amsthm.sty"
Package: amsthm 2017/10/31 v2.20.4
\thm@style=\toks23
\thm@bodyfont=\toks24
\thm@headfont=\toks25
\thm@notefont=\toks26
\thm@headpunct=\toks27
\thm@preskip=\skip56
\thm@postskip=\skip57
\thm@headsep=\skip58
\dth@everypar=\toks28
)
("C:\Users\Alberto Coronavirus\AppData\Local\Programs\MiKTeX 2.9\tex/latex/floa
t\float.sty"
Package: float 2001/11/08 v1.3d Float enhancements (AL)
\c@float@type=\count194
\float@exts=\toks29
\float@box=\box47
\@float@everytoks=\toks30
\@floatcapt=\box48
)
("C:\Users\Alberto Coronavirus\AppData\Local\Programs\MiKTeX 2.9\tex/latex/hype
rref\hyperref.sty"
Package: hyperref 2020/01/14 v7.00d Hypertext links for LaTeX

("C:\Users\Alberto Coronavirus\AppData\Local\Programs\MiKTeX 2.9\tex/generic/lt
xcmds\ltxcmds.sty"
Package: ltxcmds 2019/12/15 v1.24 LaTeX kernel commands for general use (HO)
)
("C:\Users\Alberto Coronavirus\AppData\Local\Programs\MiKTeX 2.9\tex/latex/pdft
excmds\pdftexcmds.sty"
Package: pdftexcmds 2019/11/24 v0.31 Utility functions of pdfTeX for LuaTeX (HO
)

("C:\Users\Alberto Coronavirus\AppData\Local\Programs\MiKTeX 2.9\tex/generic/in
fwarerr\infwarerr.sty"
Package: infwarerr 2019/12/03 v1.5 Providing info/warning/error messages (HO)
)
Package pdftexcmds Info: \pdf@primitive is available.
Package pdftexcmds Info: \pdf@ifprimitive is available.
Package pdftexcmds Info: \pdfdraftmode found.
)
("C:\Users\Alberto Coronavirus\AppData\Local\Programs\MiKTeX 2.9\tex/generic/kv
setkeys\kvsetkeys.sty"
Package: kvsetkeys 2019/12/15 v1.18 Key value parser (HO)
)
("C:\Users\Alberto Coronavirus\AppData\Local\Programs\MiKTeX 2.9\tex/generic/kv
definekeys\kvdefinekeys.sty"
Package: kvdefinekeys 2019-12-19 v1.6 Define keys (HO)
)
("C:\Users\Alberto Coronavirus\AppData\Local\Programs\MiKTeX 2.9\tex/generic/pd
fescape\pdfescape.sty"
Package: pdfescape 2019/12/09 v1.15 Implements pdfTeX's escape features (HO)
)
("C:\Users\Alberto Coronavirus\AppData\Local\Programs\MiKTeX 2.9\tex/latex/hyco
lor\hycolor.sty"
Package: hycolor 2020-01-27 v1.10 Color options for hyperref/bookmark (HO)
)
("C:\Users\Alberto Coronavirus\AppData\Local\Programs\MiKTeX 2.9\tex/latex/letl
txmacro\letltxmacro.sty"
Package: letltxmacro 2019/12/03 v1.6 Let assignment for LaTeX macros (HO)
)
("C:\Users\Alberto Coronavirus\AppData\Local\Programs\MiKTeX 2.9\tex/latex/auxh
ook\auxhook.sty"
Package: auxhook 2019-12-17 v1.6 Hooks for auxiliary files (HO)
)
("C:\Users\Alberto Coronavirus\AppData\Local\Programs\MiKTeX 2.9\tex/latex/kvop
tions\kvoptions.sty"
Package: kvoptions 2019/11/29 v3.13 Key value format for package options (HO)
)
\@linkdim=\dimen163
\Hy@linkcounter=\count195
\Hy@pagecounter=\count196

("C:\Users\Alberto Coronavirus\AppData\Local\Programs\MiKTeX 2.9\tex/latex/hype
rref\pd1enc.def"
File: pd1enc.def 2020/01/14 v7.00d Hyperref: PDFDocEncoding definition (HO)
Now handling font encoding PD1 ...
... no UTF-8 mapping file for font encoding PD1
)
("C:\Users\Alberto Coronavirus\AppData\Local\Programs\MiKTeX 2.9\tex/generic/in
tcalc\intcalc.sty"
Package: intcalc 2019/12/15 v1.3 Expandable calculations with integers (HO)
)
("C:\Users\Alberto Coronavirus\AppData\Local\Programs\MiKTeX 2.9\tex/generic/et
excmds\etexcmds.sty"
Package: etexcmds 2019/12/15 v1.7 Avoid name clashes with e-TeX commands (HO)
)
\Hy@SavedSpaceFactor=\count197
Package hyperref Info: Hyper figures OFF on input line 4547.
Package hyperref Info: Link nesting OFF on input line 4552.
Package hyperref Info: Hyper index ON on input line 4555.
Package hyperref Info: Plain pages OFF on input line 4562.
Package hyperref Info: Backreferencing OFF on input line 4567.
Package hyperref Info: Implicit mode ON; LaTeX internals redefined.
Package hyperref Info: Bookmarks ON on input line 4800.
\c@Hy@tempcnt=\count198

("C:\Users\Alberto Coronavirus\AppData\Local\Programs\MiKTeX 2.9\tex/latex/url\
url.sty"
\Urlmuskip=\muskip17
Package: url 2013/09/16  ver 3.4  Verb mode for urls, etc.
)
LaTeX Info: Redefining \url on input line 5159.
\XeTeXLinkMargin=\dimen164

("C:\Users\Alberto Coronavirus\AppData\Local\Programs\MiKTeX 2.9\tex/generic/bi
tset\bitset.sty"
Package: bitset 2019/12/09 v1.3 Handle bit-vector datatype (HO)

("C:\Users\Alberto Coronavirus\AppData\Local\Programs\MiKTeX 2.9\tex/generic/bi
gintcalc\bigintcalc.sty"
Package: bigintcalc 2019/12/15 v1.5 Expandable calculations on big integers (HO
)
))
\Fld@menulength=\count199
\Field@Width=\dimen165
\Fld@charsize=\dimen166
Package hyperref Info: Hyper figures OFF on input line 6430.
Package hyperref Info: Link nesting OFF on input line 6435.
Package hyperref Info: Hyper index ON on input line 6438.
Package hyperref Info: backreferencing OFF on input line 6445.
Package hyperref Info: Link coloring OFF on input line 6450.
Package hyperref Info: Link coloring with OCG OFF on input line 6455.
Package hyperref Info: PDF/A mode OFF on input line 6460.
LaTeX Info: Redefining \ref on input line 6500.
LaTeX Info: Redefining \pageref on input line 6504.

("C:\Users\Alberto Coronavirus\AppData\Local\Programs\MiKTeX 2.9\tex/generic/at
begshi\atbegshi.sty"
Package: atbegshi 2019/12/05 v1.19 At begin shipout hook (HO)
)
\Hy@abspage=\count266
\c@Item=\count267
\c@Hfootnote=\count268
)
Package hyperref Info: Driver (autodetected): hpdftex.

("C:\Users\Alberto Coronavirus\AppData\Local\Programs\MiKTeX 2.9\tex/latex/hype
rref\hpdftex.def"
File: hpdftex.def 2020/01/14 v7.00d Hyperref driver for pdfTeX

("C:\Users\Alberto Coronavirus\AppData\Local\Programs\MiKTeX 2.9\tex/latex/atve
ryend\atveryend.sty"
Package: atveryend 2019-12-11 v1.11 Hooks at the very end of document (HO)
Package atveryend Info: \enddocument detected (standard20110627).
)
\Fld@listcount=\count269
\c@bookmark@seq@number=\count270

("C:\Users\Alberto Coronavirus\AppData\Local\Programs\MiKTeX 2.9\tex/latex/reru
nfilecheck\rerunfilecheck.sty"
Package: rerunfilecheck 2019/12/05 v1.9 Rerun checks for auxiliary files (HO)

("C:\Users\Alberto Coronavirus\AppData\Local\Programs\MiKTeX 2.9\tex/generic/un
iquecounter\uniquecounter.sty"
Package: uniquecounter 2019/12/15 v1.4 Provide unlimited unique counter (HO)
)
Package uniquecounter Info: New unique counter `rerunfilecheck' on input line 2
86.
)
\Hy@SectionHShift=\skip59
)
("C:\Users\Alberto Coronavirus\AppData\Local\Programs\MiKTeX 2.9\tex/latex/tool
s\enumerate.sty"
Package: enumerate 2015/07/23 v3.00 enumerate extensions (DPC)
\@enLab=\toks31
)
("C:\Users\Alberto Coronavirus\AppData\Local\Programs\MiKTeX 2.9\tex/latex/enum
item\enumitem.sty"
Package: enumitem 2019/06/20 v3.9 Customized lists
\labelindent=\skip60
\enit@outerparindent=\dimen167
\enit@toks=\toks32
\enit@inbox=\box49
\enit@count@id=\count271
\enitdp@description=\count272
)
("C:\Users\Alberto Coronavirus\AppData\Local\Programs\MiKTeX 2.9\tex/latex/chng
cntr\chngcntr.sty"
Package: chngcntr 2018/04/09 v1.1a change counter resetting
Package chngcntr Info: \counterwithout already defined.
(chngcntr)             Quitting chngcntr on input line 21.
)
("C:\Users\Alberto Coronavirus\AppData\Local\Programs\MiKTeX 2.9\tex/latex/clev
eref\cleveref.sty"
Package: cleveref 2018/03/27 v0.21.4 Intelligent cross-referencing
Package cleveref Info: `hyperref' support loaded on input line 2370.
LaTeX Info: Redefining \cref on input line 2370.
LaTeX Info: Redefining \Cref on input line 2370.
LaTeX Info: Redefining \crefrange on input line 2370.
LaTeX Info: Redefining \Crefrange on input line 2370.
LaTeX Info: Redefining \cpageref on input line 2370.
LaTeX Info: Redefining \Cpageref on input line 2370.
LaTeX Info: Redefining \cpagerefrange on input line 2370.
LaTeX Info: Redefining \Cpagerefrange on input line 2370.
LaTeX Info: Redefining \labelcref on input line 2370.
LaTeX Info: Redefining \labelcpageref on input line 2370.
Package cleveref Info: `amsthm' support loaded on input line 3026.
)
("C:\Users\Alberto Coronavirus\AppData\Local\Programs\MiKTeX 2.9\tex/latex/pdfp
ages\pdfpages.sty"
Package: pdfpages 2020/01/28 v0.5q Insert pages of external PDF documents (AM)

("C:\Users\Alberto Coronavirus\AppData\Local\Programs\MiKTeX 2.9\tex/latex/base
\ifthen.sty"
Package: ifthen 2014/09/29 v1.1c Standard LaTeX ifthen package (DPC)
)
("C:\Users\Alberto Coronavirus\AppData\Local\Programs\MiKTeX 2.9\tex/latex/eso-
pic\eso-pic.sty"
Package: eso-pic 2018/04/12 v2.0h eso-pic (RN)

("C:\Users\Alberto Coronavirus\AppData\Local\Programs\MiKTeX 2.9\tex/latex/xcol
or\xcolor.sty"
Package: xcolor 2016/05/11 v2.12 LaTeX color extensions (UK)

("C:\Users\Alberto Coronavirus\AppData\Local\Programs\MiKTeX 2.9\tex/latex/grap
hics-cfg\color.cfg"
File: color.cfg 2016/01/02 v1.6 sample color configuration
)
Package xcolor Info: Driver file: pdftex.def on input line 225.
Package xcolor Info: Model `cmy' substituted by `cmy0' on input line 1348.
Package xcolor Info: Model `hsb' substituted by `rgb' on input line 1352.
Package xcolor Info: Model `RGB' extended on input line 1364.
Package xcolor Info: Model `HTML' substituted by `rgb' on input line 1366.
Package xcolor Info: Model `Hsb' substituted by `hsb' on input line 1367.
Package xcolor Info: Model `tHsb' substituted by `hsb' on input line 1368.
Package xcolor Info: Model `HSB' substituted by `hsb' on input line 1369.
Package xcolor Info: Model `Gray' substituted by `gray' on input line 1370.
Package xcolor Info: Model `wave' substituted by `hsb' on input line 1371.
))
\AM@pagewidth=\dimen168
\AM@pageheight=\dimen169

("C:\Users\Alberto Coronavirus\AppData\Local\Programs\MiKTeX 2.9\tex/latex/pdfp
ages\pppdftex.def"
File: pppdftex.def 2020/01/28 v0.5q Pdfpages driver for pdfTeX (AM)
)
\AM@pagebox=\box50
\AM@global@opts=\toks33
\AM@pagecnt=\count273
\AM@toc@title=\toks34
\c@AM@survey=\count274
\AM@templatesizebox=\box51
)
("C:\Users\Alberto Coronavirus\AppData\Local\Programs\MiKTeX 2.9\tex/latex/psnf
ss\mathptmx.sty"
Package: mathptmx 2005/04/12 PSNFSS-v9.2a Times w/ Math, improved (SPQR, WaS) 
LaTeX Font Info:    Redeclaring symbol font `operators' on input line 28.
LaTeX Font Info:    Overwriting symbol font `operators' in version `normal'
(Font)                  OT1/cmr/m/n --> OT1/ztmcm/m/n on input line 28.
LaTeX Font Info:    Overwriting symbol font `operators' in version `bold'
(Font)                  OT1/cmr/bx/n --> OT1/ztmcm/m/n on input line 28.
LaTeX Font Info:    Redeclaring symbol font `letters' on input line 29.
LaTeX Font Info:    Overwriting symbol font `letters' in version `normal'
(Font)                  OML/cmm/m/it --> OML/ztmcm/m/it on input line 29.
LaTeX Font Info:    Overwriting symbol font `letters' in version `bold'
(Font)                  OML/cmm/b/it --> OML/ztmcm/m/it on input line 29.
LaTeX Font Info:    Redeclaring symbol font `symbols' on input line 30.
LaTeX Font Info:    Overwriting symbol font `symbols' in version `normal'
(Font)                  OMS/cmsy/m/n --> OMS/ztmcm/m/n on input line 30.
LaTeX Font Info:    Overwriting symbol font `symbols' in version `bold'
(Font)                  OMS/cmsy/b/n --> OMS/ztmcm/m/n on input line 30.
LaTeX Font Info:    Redeclaring symbol font `largesymbols' on input line 31.
LaTeX Font Info:    Overwriting symbol font `largesymbols' in version `normal'
(Font)                  OMX/cmex/m/n --> OMX/ztmcm/m/n on input line 31.
LaTeX Font Info:    Overwriting symbol font `largesymbols' in version `bold'
(Font)                  OMX/cmex/m/n --> OMX/ztmcm/m/n on input line 31.
\symbold=\mathgroup6
\symitalic=\mathgroup7
LaTeX Font Info:    Redeclaring math alphabet \mathbf on input line 34.
LaTeX Font Info:    Overwriting math alphabet `\mathbf' in version `normal'
(Font)                  OT1/cmr/bx/n --> OT1/ptm/bx/n on input line 34.
LaTeX Font Info:    Overwriting math alphabet `\mathbf' in version `bold'
(Font)                  OT1/cmr/bx/n --> OT1/ptm/bx/n on input line 34.
LaTeX Font Info:    Redeclaring math alphabet \mathit on input line 35.
LaTeX Font Info:    Overwriting math alphabet `\mathit' in version `normal'
(Font)                  OT1/cmr/m/it --> OT1/ptm/m/it on input line 35.
LaTeX Font Info:    Overwriting math alphabet `\mathit' in version `bold'
(Font)                  OT1/cmr/bx/it --> OT1/ptm/m/it on input line 35.
LaTeX Info: Redefining \hbar on input line 50.
)
\margen=\skip61
Package hyperref Info: Option `colorlinks' set `false' on input line 33.

("C:\Users\Alberto Coronavirus\AppData\Local\Programs\MiKTeX 2.9\tex/latex/tikz
-cd\tikz-cd.sty"
Package: tikz-cd 2018/11/19 v0.9f Commutative diagrams with TikZ

("C:\Users\Alberto Coronavirus\AppData\Local\Programs\MiKTeX 2.9\tex/latex/pgf/
frontendlayer\tikz.sty"
("C:\Users\Alberto Coronavirus\AppData\Local\Programs\MiKTeX 2.9\tex/latex/pgf/
basiclayer\pgf.sty"
("C:\Users\Alberto Coronavirus\AppData\Local\Programs\MiKTeX 2.9\tex/latex/pgf/
utilities\pgfrcs.sty"
("C:\Users\Alberto Coronavirus\AppData\Local\Programs\MiKTeX 2.9\tex/generic/pg
f/utilities\pgfutil-common.tex"
\pgfutil@everybye=\toks35
\pgfutil@tempdima=\dimen170
\pgfutil@tempdimb=\dimen171

("C:\Users\Alberto Coronavirus\AppData\Local\Programs\MiKTeX 2.9\tex/generic/pg
f/utilities\pgfutil-common-lists.tex"))
("C:\Users\Alberto Coronavirus\AppData\Local\Programs\MiKTeX 2.9\tex/generic/pg
f/utilities\pgfutil-latex.def"
\pgfutil@abb=\box52

("C:\Users\Alberto Coronavirus\AppData\Local\Programs\MiKTeX 2.9\tex/latex/ms\e
veryshi.sty"
Package: everyshi 2001/05/15 v3.00 EveryShipout Package (MS)
))
("C:\Users\Alberto Coronavirus\AppData\Local\Programs\MiKTeX 2.9\tex/generic/pg
f/utilities\pgfrcs.code.tex"
("C:\Users\Alberto Coronavirus\AppData\Local\Programs\MiKTeX 2.9\tex/generic/pg
f\pgf.revision.tex")
Package: pgfrcs 2020/01/08 v3.1.5b (3.1.5b)
))
Package: pgf 2020/01/08 v3.1.5b (3.1.5b)

("C:\Users\Alberto Coronavirus\AppData\Local\Programs\MiKTeX 2.9\tex/latex/pgf/
basiclayer\pgfcore.sty"
("C:\Users\Alberto Coronavirus\AppData\Local\Programs\MiKTeX 2.9\tex/latex/pgf/
systemlayer\pgfsys.sty"
("C:\Users\Alberto Coronavirus\AppData\Local\Programs\MiKTeX 2.9\tex/generic/pg
f/systemlayer\pgfsys.code.tex"
Package: pgfsys 2020/01/08 v3.1.5b (3.1.5b)

("C:\Users\Alberto Coronavirus\AppData\Local\Programs\MiKTeX 2.9\tex/generic/pg
f/utilities\pgfkeys.code.tex"
\pgfkeys@pathtoks=\toks36
\pgfkeys@temptoks=\toks37

("C:\Users\Alberto Coronavirus\AppData\Local\Programs\MiKTeX 2.9\tex/generic/pg
f/utilities\pgfkeysfiltered.code.tex"
\pgfkeys@tmptoks=\toks38
))
\pgf@x=\dimen172
\pgf@y=\dimen173
\pgf@xa=\dimen174
\pgf@ya=\dimen175
\pgf@xb=\dimen176
\pgf@yb=\dimen177
\pgf@xc=\dimen178
\pgf@yc=\dimen179
\pgf@xd=\dimen180
\pgf@yd=\dimen181
\w@pgf@writea=\write3
\r@pgf@reada=\read2
\c@pgf@counta=\count275
\c@pgf@countb=\count276
\c@pgf@countc=\count277
\c@pgf@countd=\count278
\t@pgf@toka=\toks39
\t@pgf@tokb=\toks40
\t@pgf@tokc=\toks41
\pgf@sys@id@count=\count279

("C:\Users\Alberto Coronavirus\AppData\Local\Programs\MiKTeX 2.9\tex/generic/pg
f/systemlayer\pgf.cfg"
File: pgf.cfg 2020/01/08 v3.1.5b (3.1.5b)
)
Driver file for pgf: pgfsys-pdftex.def

("C:\Users\Alberto Coronavirus\AppData\Local\Programs\MiKTeX 2.9\tex/generic/pg
f/systemlayer\pgfsys-pdftex.def"
File: pgfsys-pdftex.def 2020/01/08 v3.1.5b (3.1.5b)

("C:\Users\Alberto Coronavirus\AppData\Local\Programs\MiKTeX 2.9\tex/generic/pg
f/systemlayer\pgfsys-common-pdf.def"
File: pgfsys-common-pdf.def 2020/01/08 v3.1.5b (3.1.5b)
)))
("C:\Users\Alberto Coronavirus\AppData\Local\Programs\MiKTeX 2.9\tex/generic/pg
f/systemlayer\pgfsyssoftpath.code.tex"
File: pgfsyssoftpath.code.tex 2020/01/08 v3.1.5b (3.1.5b)
\pgfsyssoftpath@smallbuffer@items=\count280
\pgfsyssoftpath@bigbuffer@items=\count281
)
("C:\Users\Alberto Coronavirus\AppData\Local\Programs\MiKTeX 2.9\tex/generic/pg
f/systemlayer\pgfsysprotocol.code.tex"
File: pgfsysprotocol.code.tex 2020/01/08 v3.1.5b (3.1.5b)
))
("C:\Users\Alberto Coronavirus\AppData\Local\Programs\MiKTeX 2.9\tex/generic/pg
f/basiclayer\pgfcore.code.tex"
Package: pgfcore 2020/01/08 v3.1.5b (3.1.5b)

("C:\Users\Alberto Coronavirus\AppData\Local\Programs\MiKTeX 2.9\tex/generic/pg
f/math\pgfmath.code.tex"
("C:\Users\Alberto Coronavirus\AppData\Local\Programs\MiKTeX 2.9\tex/generic/pg
f/math\pgfmathcalc.code.tex"
("C:\Users\Alberto Coronavirus\AppData\Local\Programs\MiKTeX 2.9\tex/generic/pg
f/math\pgfmathutil.code.tex")
("C:\Users\Alberto Coronavirus\AppData\Local\Programs\MiKTeX 2.9\tex/generic/pg
f/math\pgfmathparser.code.tex"
\pgfmath@dimen=\dimen182
\pgfmath@count=\count282
\pgfmath@box=\box53
\pgfmath@toks=\toks42
\pgfmath@stack@operand=\toks43
\pgfmath@stack@operation=\toks44
)
("C:\Users\Alberto Coronavirus\AppData\Local\Programs\MiKTeX 2.9\tex/generic/pg
f/math\pgfmathfunctions.code.tex"
("C:\Users\Alberto Coronavirus\AppData\Local\Programs\MiKTeX 2.9\tex/generic/pg
f/math\pgfmathfunctions.basic.code.tex")
("C:\Users\Alberto Coronavirus\AppData\Local\Programs\MiKTeX 2.9\tex/generic/pg
f/math\pgfmathfunctions.trigonometric.code.tex")
("C:\Users\Alberto Coronavirus\AppData\Local\Programs\MiKTeX 2.9\tex/generic/pg
f/math\pgfmathfunctions.random.code.tex")
("C:\Users\Alberto Coronavirus\AppData\Local\Programs\MiKTeX 2.9\tex/generic/pg
f/math\pgfmathfunctions.comparison.code.tex")
("C:\Users\Alberto Coronavirus\AppData\Local\Programs\MiKTeX 2.9\tex/generic/pg
f/math\pgfmathfunctions.base.code.tex")
("C:\Users\Alberto Coronavirus\AppData\Local\Programs\MiKTeX 2.9\tex/generic/pg
f/math\pgfmathfunctions.round.code.tex")
("C:\Users\Alberto Coronavirus\AppData\Local\Programs\MiKTeX 2.9\tex/generic/pg
f/math\pgfmathfunctions.misc.code.tex")
("C:\Users\Alberto Coronavirus\AppData\Local\Programs\MiKTeX 2.9\tex/generic/pg
f/math\pgfmathfunctions.integerarithmetics.code.tex")))
("C:\Users\Alberto Coronavirus\AppData\Local\Programs\MiKTeX 2.9\tex/generic/pg
f/math\pgfmathfloat.code.tex"
\c@pgfmathroundto@lastzeros=\count283
))
("C:\Users\Alberto Coronavirus\AppData\Local\Programs\MiKTeX 2.9\tex/generic/pg
f/math\pgfint.code.tex")
("C:\Users\Alberto Coronavirus\AppData\Local\Programs\MiKTeX 2.9\tex/generic/pg
f/basiclayer\pgfcorepoints.code.tex"
File: pgfcorepoints.code.tex 2020/01/08 v3.1.5b (3.1.5b)
\pgf@picminx=\dimen183
\pgf@picmaxx=\dimen184
\pgf@picminy=\dimen185
\pgf@picmaxy=\dimen186
\pgf@pathminx=\dimen187
\pgf@pathmaxx=\dimen188
\pgf@pathminy=\dimen189
\pgf@pathmaxy=\dimen190
\pgf@xx=\dimen191
\pgf@xy=\dimen192
\pgf@yx=\dimen193
\pgf@yy=\dimen194
\pgf@zx=\dimen195
\pgf@zy=\dimen196
)
("C:\Users\Alberto Coronavirus\AppData\Local\Programs\MiKTeX 2.9\tex/generic/pg
f/basiclayer\pgfcorepathconstruct.code.tex"
File: pgfcorepathconstruct.code.tex 2020/01/08 v3.1.5b (3.1.5b)
\pgf@path@lastx=\dimen197
\pgf@path@lasty=\dimen198
)
("C:\Users\Alberto Coronavirus\AppData\Local\Programs\MiKTeX 2.9\tex/generic/pg
f/basiclayer\pgfcorepathusage.code.tex"
File: pgfcorepathusage.code.tex 2020/01/08 v3.1.5b (3.1.5b)
\pgf@shorten@end@additional=\dimen199
\pgf@shorten@start@additional=\dimen256
)
("C:\Users\Alberto Coronavirus\AppData\Local\Programs\MiKTeX 2.9\tex/generic/pg
f/basiclayer\pgfcorescopes.code.tex"
File: pgfcorescopes.code.tex 2020/01/08 v3.1.5b (3.1.5b)
\pgfpic=\box54
\pgf@hbox=\box55
\pgf@layerbox@main=\box56
\pgf@picture@serial@count=\count284
)
("C:\Users\Alberto Coronavirus\AppData\Local\Programs\MiKTeX 2.9\tex/generic/pg
f/basiclayer\pgfcoregraphicstate.code.tex"
File: pgfcoregraphicstate.code.tex 2020/01/08 v3.1.5b (3.1.5b)
\pgflinewidth=\dimen257
)
("C:\Users\Alberto Coronavirus\AppData\Local\Programs\MiKTeX 2.9\tex/generic/pg
f/basiclayer\pgfcoretransformations.code.tex"
File: pgfcoretransformations.code.tex 2020/01/08 v3.1.5b (3.1.5b)
\pgf@pt@x=\dimen258
\pgf@pt@y=\dimen259
\pgf@pt@temp=\dimen260
)
("C:\Users\Alberto Coronavirus\AppData\Local\Programs\MiKTeX 2.9\tex/generic/pg
f/basiclayer\pgfcorequick.code.tex"
File: pgfcorequick.code.tex 2020/01/08 v3.1.5b (3.1.5b)
)
("C:\Users\Alberto Coronavirus\AppData\Local\Programs\MiKTeX 2.9\tex/generic/pg
f/basiclayer\pgfcoreobjects.code.tex"
File: pgfcoreobjects.code.tex 2020/01/08 v3.1.5b (3.1.5b)
)
("C:\Users\Alberto Coronavirus\AppData\Local\Programs\MiKTeX 2.9\tex/generic/pg
f/basiclayer\pgfcorepathprocessing.code.tex"
File: pgfcorepathprocessing.code.tex 2020/01/08 v3.1.5b (3.1.5b)
)
("C:\Users\Alberto Coronavirus\AppData\Local\Programs\MiKTeX 2.9\tex/generic/pg
f/basiclayer\pgfcorearrows.code.tex"
File: pgfcorearrows.code.tex 2020/01/08 v3.1.5b (3.1.5b)
\pgfarrowsep=\dimen261
)
("C:\Users\Alberto Coronavirus\AppData\Local\Programs\MiKTeX 2.9\tex/generic/pg
f/basiclayer\pgfcoreshade.code.tex"
File: pgfcoreshade.code.tex 2020/01/08 v3.1.5b (3.1.5b)
\pgf@max=\dimen262
\pgf@sys@shading@range@num=\count285
\pgf@shadingcount=\count286
)
("C:\Users\Alberto Coronavirus\AppData\Local\Programs\MiKTeX 2.9\tex/generic/pg
f/basiclayer\pgfcoreimage.code.tex"
File: pgfcoreimage.code.tex 2020/01/08 v3.1.5b (3.1.5b)

("C:\Users\Alberto Coronavirus\AppData\Local\Programs\MiKTeX 2.9\tex/generic/pg
f/basiclayer\pgfcoreexternal.code.tex"
File: pgfcoreexternal.code.tex 2020/01/08 v3.1.5b (3.1.5b)
\pgfexternal@startupbox=\box57
))
("C:\Users\Alberto Coronavirus\AppData\Local\Programs\MiKTeX 2.9\tex/generic/pg
f/basiclayer\pgfcorelayers.code.tex"
File: pgfcorelayers.code.tex 2020/01/08 v3.1.5b (3.1.5b)
)
("C:\Users\Alberto Coronavirus\AppData\Local\Programs\MiKTeX 2.9\tex/generic/pg
f/basiclayer\pgfcoretransparency.code.tex"
File: pgfcoretransparency.code.tex 2020/01/08 v3.1.5b (3.1.5b)
)
("C:\Users\Alberto Coronavirus\AppData\Local\Programs\MiKTeX 2.9\tex/generic/pg
f/basiclayer\pgfcorepatterns.code.tex"
File: pgfcorepatterns.code.tex 2020/01/08 v3.1.5b (3.1.5b)
)
("C:\Users\Alberto Coronavirus\AppData\Local\Programs\MiKTeX 2.9\tex/generic/pg
f/basiclayer\pgfcorerdf.code.tex"
File: pgfcorerdf.code.tex 2020/01/08 v3.1.5b (3.1.5b)
)))
("C:\Users\Alberto Coronavirus\AppData\Local\Programs\MiKTeX 2.9\tex/generic/pg
f/modules\pgfmoduleshapes.code.tex"
File: pgfmoduleshapes.code.tex 2020/01/08 v3.1.5b (3.1.5b)
\pgfnodeparttextbox=\box58
)
("C:\Users\Alberto Coronavirus\AppData\Local\Programs\MiKTeX 2.9\tex/generic/pg
f/modules\pgfmoduleplot.code.tex"
File: pgfmoduleplot.code.tex 2020/01/08 v3.1.5b (3.1.5b)
)
("C:\Users\Alberto Coronavirus\AppData\Local\Programs\MiKTeX 2.9\tex/latex/pgf/
compatibility\pgfcomp-version-0-65.sty"
Package: pgfcomp-version-0-65 2020/01/08 v3.1.5b (3.1.5b)
\pgf@nodesepstart=\dimen263
\pgf@nodesepend=\dimen264
)
("C:\Users\Alberto Coronavirus\AppData\Local\Programs\MiKTeX 2.9\tex/latex/pgf/
compatibility\pgfcomp-version-1-18.sty"
Package: pgfcomp-version-1-18 2020/01/08 v3.1.5b (3.1.5b)
))
("C:\Users\Alberto Coronavirus\AppData\Local\Programs\MiKTeX 2.9\tex/latex/pgf/
utilities\pgffor.sty"
("C:\Users\Alberto Coronavirus\AppData\Local\Programs\MiKTeX 2.9\tex/latex/pgf/
utilities\pgfkeys.sty"
("C:\Users\Alberto Coronavirus\AppData\Local\Programs\MiKTeX 2.9\tex/generic/pg
f/utilities\pgfkeys.code.tex"))
("C:\Users\Alberto Coronavirus\AppData\Local\Programs\MiKTeX 2.9\tex/latex/pgf/
math\pgfmath.sty"
("C:\Users\Alberto Coronavirus\AppData\Local\Programs\MiKTeX 2.9\tex/generic/pg
f/math\pgfmath.code.tex"))
("C:\Users\Alberto Coronavirus\AppData\Local\Programs\MiKTeX 2.9\tex/generic/pg
f/utilities\pgffor.code.tex"
Package: pgffor 2020/01/08 v3.1.5b (3.1.5b)

("C:\Users\Alberto Coronavirus\AppData\Local\Programs\MiKTeX 2.9\tex/generic/pg
f/math\pgfmath.code.tex")
\pgffor@iter=\dimen265
\pgffor@skip=\dimen266
\pgffor@stack=\toks45
\pgffor@toks=\toks46
))
("C:\Users\Alberto Coronavirus\AppData\Local\Programs\MiKTeX 2.9\tex/generic/pg
f/frontendlayer/tikz\tikz.code.tex"
Package: tikz 2020/01/08 v3.1.5b (3.1.5b)

("C:\Users\Alberto Coronavirus\AppData\Local\Programs\MiKTeX 2.9\tex/generic/pg
f/libraries\pgflibraryplothandlers.code.tex"
File: pgflibraryplothandlers.code.tex 2020/01/08 v3.1.5b (3.1.5b)
\pgf@plot@mark@count=\count287
\pgfplotmarksize=\dimen267
)
\tikz@lastx=\dimen268
\tikz@lasty=\dimen269
\tikz@lastxsaved=\dimen270
\tikz@lastysaved=\dimen271
\tikz@lastmovetox=\dimen272
\tikz@lastmovetoy=\dimen273
\tikzleveldistance=\dimen274
\tikzsiblingdistance=\dimen275
\tikz@figbox=\box59
\tikz@figbox@bg=\box60
\tikz@tempbox=\box61
\tikz@tempbox@bg=\box62
\tikztreelevel=\count288
\tikznumberofchildren=\count289
\tikznumberofcurrentchild=\count290
\tikz@fig@count=\count291

("C:\Users\Alberto Coronavirus\AppData\Local\Programs\MiKTeX 2.9\tex/generic/pg
f/modules\pgfmodulematrix.code.tex"
File: pgfmodulematrix.code.tex 2020/01/08 v3.1.5b (3.1.5b)
\pgfmatrixcurrentrow=\count292
\pgfmatrixcurrentcolumn=\count293
\pgf@matrix@numberofcolumns=\count294
)
\tikz@expandcount=\count295

("C:\Users\Alberto Coronavirus\AppData\Local\Programs\MiKTeX 2.9\tex/generic/pg
f/frontendlayer/tikz/libraries\tikzlibrarytopaths.code.tex"
File: tikzlibrarytopaths.code.tex 2020/01/08 v3.1.5b (3.1.5b)
)))
("C:\Users\Alberto Coronavirus\AppData\Local\Programs\MiKTeX 2.9\tex/latex/tikz
-cd\tikzlibrarycd.code.tex"
("C:\Users\Alberto Coronavirus\AppData\Local\Programs\MiKTeX 2.9\tex/generic/pg
f/frontendlayer/tikz/libraries\tikzlibrarymatrix.code.tex"
File: tikzlibrarymatrix.code.tex 2020/01/08 v3.1.5b (3.1.5b)
)
("C:\Users\Alberto Coronavirus\AppData\Local\Programs\MiKTeX 2.9\tex/generic/pg
f/frontendlayer/tikz/libraries\tikzlibraryquotes.code.tex"
File: tikzlibraryquotes.code.tex 2020/01/08 v3.1.5b (3.1.5b)
)
("C:\Users\Alberto Coronavirus\AppData\Local\Programs\MiKTeX 2.9\tex/generic/pg
f/libraries\pgflibraryarrows.meta.code.tex"
File: pgflibraryarrows.meta.code.tex 2020/01/08 v3.1.5b (3.1.5b)
\pgfarrowinset=\dimen276
\pgfarrowlength=\dimen277
\pgfarrowwidth=\dimen278
\pgfarrowlinewidth=\dimen279
)))
("C:\Users\Alberto Coronavirus\AppData\Local\Programs\MiKTeX 2.9\tex/generic/ba
bel\babel.sty"
Package: babel 2020/03/22 3.42 The Babel package

("C:\Users\Alberto Coronavirus\AppData\Local\Programs\MiKTeX 2.9\tex/generic/ba
bel\switch.def"
File: switch.def 2020/03/22 3.42 Babel switching mechanism
)
*************************************
* Local config file bblopts.cfg used
*

("C:\Users\Alberto Coronavirus\AppData\Local\Programs\MiKTeX 2.9\tex/latex/arab
i\bblopts.cfg"
File: bblopts.cfg 2005/09/08 v0.1 add Arabic and Farsi to "declared" options of
 babel
)
("C:\Users\Alberto Coronavirus\AppData\Local\Programs\MiKTeX 2.9\tex/latex/babe
l-english\english.ldf"
Language: english 2017/06/06 v3.3r English support from the babel system

("C:\Users\Alberto Coronavirus\AppData\Local\Programs\MiKTeX 2.9\tex/generic/ba
bel\babel.def"
File: babel.def 2020/03/22 3.42 Babel common definitions
\babel@savecnt=\count296
\U@D=\dimen280

("C:\Users\Alberto Coronavirus\AppData\Local\Programs\MiKTeX 2.9\tex/generic/ba
bel\txtbabel.def")
\bbl@readstream=\read3
\bbl@dirlevel=\count297
)
Package babel Info: \l@canadian = using hyphenrules for english
(babel)             (\language0) on input line 102.
Package babel Info: \l@australian = using hyphenrules for ukenglish
(babel)             (\language72) on input line 105.
Package babel Info: \l@newzealand = using hyphenrules for ukenglish
(babel)             (\language72) on input line 108.
))
("C:\Users\Alberto Coronavirus\AppData\Local\Programs\MiKTeX 2.9\tex/latex/todo
notes\todonotes.sty"
Package: todonotes 2019/01/24 v1.1.2 Todonotes source and documentation.
Package: todonotes 2018/11/22

("C:\Users\Alberto Coronavirus\AppData\Local\Programs\MiKTeX 2.9\tex/latex/xkey
val\xkeyval.sty"
Package: xkeyval 2014/12/03 v2.7a package option processing (HA)

("C:\Users\Alberto Coronavirus\AppData\Local\Programs\MiKTeX 2.9\tex/generic/xk
eyval\xkeyval.tex"
("C:\Users\Alberto Coronavirus\AppData\Local\Programs\MiKTeX 2.9\tex/generic/xk
eyval\xkvutils.tex"
\XKV@toks=\toks47
\XKV@tempa@toks=\toks48
)
\XKV@depth=\count298
File: xkeyval.tex 2014/12/03 v2.7a key=value parser (HA)
))
("C:\Users\Alberto Coronavirus\AppData\Local\Programs\MiKTeX 2.9\tex/generic/pg
f/frontendlayer/tikz/libraries\tikzlibrarypositioning.code.tex"
File: tikzlibrarypositioning.code.tex 2020/01/08 v3.1.5b (3.1.5b)
)
("C:\Users\Alberto Coronavirus\AppData\Local\Programs\MiKTeX 2.9\tex/generic/pg
f/frontendlayer/tikz/libraries\tikzlibraryshadows.code.tex"
File: tikzlibraryshadows.code.tex 2020/01/08 v3.1.5b (3.1.5b)

("C:\Users\Alberto Coronavirus\AppData\Local\Programs\MiKTeX 2.9\tex/generic/pg
f/frontendlayer/tikz/libraries\tikzlibraryfadings.code.tex"
File: tikzlibraryfadings.code.tex 2020/01/08 v3.1.5b (3.1.5b)

("C:\Users\Alberto Coronavirus\AppData\Local\Programs\MiKTeX 2.9\tex/generic/pg
f/libraries\pgflibraryfadings.code.tex"
File: pgflibraryfadings.code.tex 2020/01/08 v3.1.5b (3.1.5b)
)))
\c@@todonotes@numberoftodonotes=\count299
)
("C:\Users\Alberto Coronavirus\AppData\Local\Programs\MiKTeX 2.9\tex/latex/capt
ion\caption.sty"
Package: caption 2020/01/03 v3.4h Customizing captions (AR)

("C:\Users\Alberto Coronavirus\AppData\Local\Programs\MiKTeX 2.9\tex/latex/capt
ion\caption3.sty"
Package: caption3 2020/01/03 v1.8h caption3 kernel (AR)
Package caption3 Info: TeX engine: e-TeX on input line 61.
\captionmargin=\dimen281
\captionmargin@=\dimen282
\captionwidth=\dimen283
\caption@tempdima=\dimen284
\caption@indent=\dimen285
\caption@parindent=\dimen286
\caption@hangindent=\dimen287
Package caption Info: Standard document class detected.
)
\c@caption@flags=\count300
\c@continuedfloat=\count301
Package caption Info: float package is loaded.
Package caption Info: hyperref package is loaded.
)
("C:\Users\Alberto Coronavirus\AppData\Local\Programs\MiKTeX 2.9\tex/latex/capt
ion\subcaption.sty"
Package: subcaption 2020/01/22 v1.3d Sub-captions (AR)
\c@subfigure=\count302
\c@subtable=\count303
)
("C:\Users\Alberto Coronavirus\AppData\Local\Programs\MiKTeX 2.9\tex/latex/bbdi
ng\bbding.sty"
Package: bbding 1999/04/15 v1.01 Dingbats symbols
)
("C:\Users\Alberto Coronavirus\AppData\Local\Programs\MiKTeX 2.9\tex/latex/tcol
orbox\tcolorbox.sty"
Package: tcolorbox 2019/11/15 version 4.22 text color boxes

("C:\Users\Alberto Coronavirus\AppData\Local\Programs\MiKTeX 2.9\tex/latex/tool
s\verbatim.sty"
Package: verbatim 2019/11/10 v1.5r LaTeX2e package for verbatim enhancements
\every@verbatim=\toks49
\verbatim@line=\toks50
\verbatim@in@stream=\read4
)
("C:\Users\Alberto Coronavirus\AppData\Local\Programs\MiKTeX 2.9\tex/latex/envi
ron\environ.sty"
Package: environ 2014/05/04 v0.3 A new way to define environments

("C:\Users\Alberto Coronavirus\AppData\Local\Programs\MiKTeX 2.9\tex/latex/trim
spaces\trimspaces.sty"
Package: trimspaces 2009/09/17 v1.1 Trim spaces around a token list
))
("C:\Users\Alberto Coronavirus\AppData\Local\Programs\MiKTeX 2.9\tex/latex/etoo
lbox\etoolbox.sty"
Package: etoolbox 2019/09/21 v2.5h e-TeX tools for LaTeX (JAW)
\etb@tempcnta=\count304
)
\tcb@titlebox=\box63
\tcb@upperbox=\box64
\tcb@lowerbox=\box65
\tcb@phantombox=\box66
\c@tcbbreakpart=\count305
\c@tcblayer=\count306
\tcolorbox@number=\count307
\tcb@temp=\box67
\tcb@temp=\box68
\tcb@temp=\box69
\tcb@temp=\box70
\tcb@out=\write4
\tcb@record@out=\write5
)
("C:\Users\Alberto Coronavirus\AppData\Local\Programs\MiKTeX 2.9\tex/latex/natb
ib\natbib.sty"
Package: natbib 2010/09/13 8.31b (PWD, AO)
\bibhang=\skip62
\bibsep=\skip63
LaTeX Info: Redefining \cite on input line 694.
\c@NAT@ctr=\count308
)
\c@proposition=\count309
\c@fact=\count310
\c@theorem=\count311
\c@obs=\count312
\c@lemma=\count313
\c@corollary=\count314
\c@definition=\count315
\c@propdef=\count316
\c@remark=\count317

("C:\Users\Alberto Coronavirus\AppData\Local\Programs\MiKTeX 2.9\tex/latex/l3ba
ckend\l3backend-pdfmode.def"
File: l3backend-pdfmode.def 2020-03-12 L3 backend support: PDF mode
\l__kernel_color_stack_int=\count318
\l__pdf_internal_box=\box71
) (Article.aux)
\openout1 = `Article.aux'.

LaTeX Font Info:    Checking defaults for OML/cmm/m/it on input line 82.
LaTeX Font Info:    ... okay on input line 82.
LaTeX Font Info:    Checking defaults for OMS/cmsy/m/n on input line 82.
LaTeX Font Info:    ... okay on input line 82.
LaTeX Font Info:    Checking defaults for OT1/cmr/m/n on input line 82.
LaTeX Font Info:    ... okay on input line 82.
LaTeX Font Info:    Checking defaults for T1/cmr/m/n on input line 82.
LaTeX Font Info:    ... okay on input line 82.
LaTeX Font Info:    Checking defaults for TS1/cmr/m/n on input line 82.
LaTeX Font Info:    ... okay on input line 82.
LaTeX Font Info:    Checking defaults for OMX/cmex/m/n on input line 82.
LaTeX Font Info:    ... okay on input line 82.
LaTeX Font Info:    Checking defaults for U/cmr/m/n on input line 82.
LaTeX Font Info:    ... okay on input line 82.
LaTeX Font Info:    Checking defaults for PD1/pdf/m/n on input line 82.
LaTeX Font Info:    ... okay on input line 82.
LaTeX Font Info:    Trying to load font information for OT1+ptm on input line 8
2.

("C:\Users\Alberto Coronavirus\AppData\Local\Programs\MiKTeX 2.9\tex/latex/psnf
ss\ot1ptm.fd"
File: ot1ptm.fd 2001/06/04 font definitions for OT1/ptm.
)
*geometry* driver: auto-detecting
*geometry* detected driver: pdftex
*geometry* verbose mode - [ preamble ] result:
* driver: pdftex
* paper: a4paper
* layout: <same size as paper>
* layoutoffset:(h,v)=(0.0pt,0.0pt)
* modes: 
* h-part:(L,W,R)=(71.13188pt, 455.24411pt, 71.13188pt)
* v-part:(T,H,B)=(71.13188pt, 702.78308pt, 71.13188pt)
* \paperwidth=597.50787pt
* \paperheight=845.04684pt
* \textwidth=455.24411pt
* \textheight=702.78308pt
* \oddsidemargin=-1.1381pt
* \evensidemargin=-1.1381pt
* \topmargin=-38.1381pt
* \headheight=12.0pt
* \headsep=25.0pt
* \topskip=12.0pt
* \footskip=30.0pt
* \marginparwidth=35.0pt
* \marginparsep=10.0pt
* \columnsep=10.0pt
* \skip\footins=30.71684pt plus 4.0pt minus 2.0pt
* \hoffset=0.0pt
* \voffset=0.0pt
* \mag=1000
* \@twocolumnfalse
* \@twosidefalse
* \@mparswitchfalse
* \@reversemarginfalse
* (1in=72.27pt=25.4mm, 1cm=28.453pt)


("C:\Users\Alberto Coronavirus\AppData\Local\Programs\MiKTeX 2.9\tex/context/ba
se/mkii\supp-pdf.mkii"
[Loading MPS to PDF converter (version 2006.09.02).]
\scratchcounter=\count319
\scratchdimen=\dimen288
\scratchbox=\box72
\nofMPsegments=\count320
\nofMParguments=\count321
\everyMPshowfont=\toks51
\MPscratchCnt=\count322
\MPscratchDim=\dimen289
\MPnumerator=\count323
\makeMPintoPDFobject=\count324
\everyMPtoPDFconversion=\toks52
)
("C:\Users\Alberto Coronavirus\AppData\Local\Programs\MiKTeX 2.9\tex/latex/epst
opdf-pkg\epstopdf-base.sty"
Package: epstopdf-base 2020-01-24 v2.11 Base part for package epstopdf
Package epstopdf-base Info: Redefining graphics rule for `.eps' on input line 4
85.
)
\AtBeginShipoutBox=\box73
Package hyperref Info: Link coloring OFF on input line 82.

("C:\Users\Alberto Coronavirus\AppData\Local\Programs\MiKTeX 2.9\tex/latex/hype
rref\nameref.sty"
Package: nameref 2019/09/16 v2.46 Cross-referencing by name of section

("C:\Users\Alberto Coronavirus\AppData\Local\Programs\MiKTeX 2.9\tex/latex/refc
ount\refcount.sty"
Package: refcount 2019/12/15 v3.6 Data extraction from label references (HO)
)
("C:\Users\Alberto Coronavirus\AppData\Local\Programs\MiKTeX 2.9\tex/generic/ge
ttitlestring\gettitlestring.sty"
Package: gettitlestring 2019/12/15 v1.6 Cleanup title references (HO)
)
\c@section@level=\count325
)
LaTeX Info: Redefining \ref on input line 82.
LaTeX Info: Redefining \pageref on input line 82.
LaTeX Info: Redefining \nameref on input line 82.
 (Article.out) (Article.out)
\@outlinefile=\write6
\openout6 = `Article.out'.


("C:\Users\Alberto Coronavirus\AppData\Local\Programs\MiKTeX 2.9\tex/latex/pdfl
scape\pdflscape.sty"
Package: pdflscape 2019/12/05 v0.12 Display of landscape pages in PDF (HO)

("C:\Users\Alberto Coronavirus\AppData\Local\Programs\MiKTeX 2.9\tex/latex/grap
hics\lscape.sty"
Package: lscape 2000/10/22 v3.01 Landscape Pages (DPC)
)
Package pdflscape Info: Auto-detected driver: pdftex on input line 81.
) ABD: EveryShipout initializing macros

Package todonotes Warning: The length marginparwidth is less than 2cm and will 
most likely cause issues with the appearance of inserted todonotes. The issue c
an be solved by adding a line like \setlength {\marginparwidth }{2cm} prior to 
loading the todonotes package. on input line 82.

Package caption Info: Begin \AtBeginDocument code.
Package caption Info: End \AtBeginDocument code.
LaTeX Font Info:    Trying to load font information for OT1+ztmcm on input line
 84.

("C:\Users\Alberto Coronavirus\AppData\Local\Programs\MiKTeX 2.9\tex/latex/psnf
ss\ot1ztmcm.fd"
File: ot1ztmcm.fd 2000/01/03 Fontinst v1.801 font definitions for OT1/ztmcm.
)
LaTeX Font Info:    Trying to load font information for OML+ztmcm on input line
 84.

("C:\Users\Alberto Coronavirus\AppData\Local\Programs\MiKTeX 2.9\tex/latex/psnf
ss\omlztmcm.fd"
File: omlztmcm.fd 2000/01/03 Fontinst v1.801 font definitions for OML/ztmcm.
)
LaTeX Font Info:    Trying to load font information for OMS+ztmcm on input line
 84.

("C:\Users\Alberto Coronavirus\AppData\Local\Programs\MiKTeX 2.9\tex/latex/psnf
ss\omsztmcm.fd"
File: omsztmcm.fd 2000/01/03 Fontinst v1.801 font definitions for OMS/ztmcm.
)
LaTeX Font Info:    Trying to load font information for OMX+ztmcm on input line
 84.

("C:\Users\Alberto Coronavirus\AppData\Local\Programs\MiKTeX 2.9\tex/latex/psnf
ss\omxztmcm.fd"
File: omxztmcm.fd 2000/01/03 Fontinst v1.801 font definitions for OMX/ztmcm.
)
LaTeX Font Info:    Font shape `OT1/ptm/bx/n' in size <10.95> not available
(Font)              Font shape `OT1/ptm/b/n' tried instead on input line 84.
LaTeX Font Info:    Font shape `OT1/ptm/bx/n' in size <8> not available
(Font)              Font shape `OT1/ptm/b/n' tried instead on input line 84.
LaTeX Font Info:    Font shape `OT1/ptm/bx/n' in size <6> not available
(Font)              Font shape `OT1/ptm/b/n' tried instead on input line 84.
 [1

{C:/Users/Alberto Coronavirus/AppData/Local/MiKTeX/2.9/pdftex/config/pdftex.map
}]
Package hyperref Info: bookmark level for unknown todo defaults to 0 on input l
ine 103.
LaTeX Font Info:    Font shape `OT1/ptm/bx/n' in size <12> not available
(Font)              Font shape `OT1/ptm/b/n' tried instead on input line 107.
LaTeX Font Info:    Font shape `OT1/ptm/bx/n' in size <9> not available
(Font)              Font shape `OT1/ptm/b/n' tried instead on input line 107.
LaTeX Font Info:    Font shape `OT1/ptm/bx/n' in size <7> not available
(Font)              Font shape `OT1/ptm/b/n' tried instead on input line 107.
 [2

] [3]
LaTeX Font Info:    Trying to load font information for TS1+ptm on input line 3
12.

("C:\Users\Alberto Coronavirus\AppData\Local\Programs\MiKTeX 2.9\tex/latex/psnf
ss\ts1ptm.fd"
File: ts1ptm.fd 2001/06/04 font definitions for TS1/ptm.
) [4]
Overfull \hbox (1.50027pt too wide) in paragraph at lines 414--418
[]\OT1/ptm/m/n/12 The fol-low-ing def-i-ni-tions make this ideas for-mal. They 
de-pend on our choices of $\OML/ztmcm/m/it/12 $\OT1/ptm/m/n/12 , $\OMS/ztmcm/m
/n/12 f\OML/ztmcm/m/it/12 []\OMS/ztmcm/m/n/12 g[]$
 []

[5]
Overfull \hbox (16.1881pt too wide) in paragraph at lines 454--457
[]\OT1/ptm/b/n/12 Definition 1.2. []\OT1/ptm/m/n/12 We call $\OMS/ztmcm/m/n/12 
C$\OT1/ptm/m/n/12 -\OT1/ptm/b/n/12 hypergraph\OT1/ptm/m/n/12 , or sim-ply hy-pe
r-graph, to a pair $\OML/ztmcm/m/it/12 G \OT1/ztmcm/m/n/12 = []\OML/ztmcm/m/it/
12 V\OT1/ztmcm/m/n/12 (\OML/ztmcm/m/it/12 G\OT1/ztmcm/m/n/12 )\OML/ztmcm/m/it/1
2 ; \OMS/ztmcm/m/n/12 f\OML/ztmcm/m/it/12 E[]\OT1/ztmcm/m/n/12 (\OML/ztmcm/m/it
/12 G\OT1/ztmcm/m/n/12 )\OMS/ztmcm/m/n/12 g[][]$\OT1/ptm/m/n/12 ,
 []

[6] [7] [8]
Overfull \hbox (2.3728pt too wide) in paragraph at lines 748--753
[]\OT1/ptm/m/n/12 Given a re-la-tion sym-bol $\OML/ztmcm/m/it/12 R \OMS/ztmcm/m
/n/12 2 \OML/ztmcm/m/it/12 $ \OT1/ptm/m/n/12 and in-dices $\OML/ztmcm/m/it/12 
i[]; [] ; i[] \OMS/ztmcm/m/n/12 2 \OT1/ztmcm/m/n/12 [\OML/ztmcm/m/it/12 k\OT1/z
tmcm/m/n/12 ]$\OT1/ptm/m/n/12 , $\OT1/ztmcm/m/n/12 [\OML/ztmcm/m/it/12 v[]; [] 
; v[]\OT1/ztmcm/m/n/12 ] \OMS/ztmcm/m/n/12 2 \OML/ztmcm/m/it/12 E[]\OT1/ztmcm/m
/n/12 (\OML/ztmcm/m/it/12 H[]\OT1/ztmcm/m/n/12 )  \OMS/ztmcm/m/n/12 ([])
 []


LaTeX Font Warning: Font shape `OT1/ptm/m/scit' undefined
(Font)              using `OT1/ptm/m/sc' instead on input line 762.


Overfull \hbox (7.11891pt too wide) in paragraph at lines 760--765
[]\OT1/ptm/b/n/12 Theorem 1.2 \OT1/ptm/m/n/12 (Ehren-feut, [])\OT1/ptm/b/n/12 .
 []\OT1/ptm/m/it/12 Let $\OML/ztmcm/m/it/12 H[]$ \OT1/ptm/m/it/12 and $\OML/ztm
cm/m/it/12 H[]$ \OT1/ptm/m/it/12 be hy-per-graphs. Then Du-pli-ca-tor wins $[][
]\OT1/ztmcm/m/n/12 (\OML/ztmcm/m/it/12 H[]\OT1/ztmcm/m/n/12 ; \OML/ztmcm/m/it/1
2 H[]\OT1/ztmcm/m/n/12 )$
 []

[9] [10]

LaTeX Font Warning: Font shape `OT1/ptm/m/scit' undefined
(Font)              using `OT1/ptm/m/sc' instead on input line 957.


LaTeX Font Warning: Font shape `OT1/ptm/m/scit' undefined
(Font)              using `OT1/ptm/m/sc' instead on input line 967.


LaTeX Font Warning: Font shape `OT1/ptm/m/scit' undefined
(Font)              using `OT1/ptm/m/sc' instead on input line 984.


LaTeX Font Warning: Font shape `OT1/ptm/m/scit' undefined
(Font)              using `OT1/ptm/m/sc' instead on input line 988.


LaTeX Font Warning: Font shape `OT1/ptm/m/scit' undefined
(Font)              using `OT1/ptm/m/sc' instead on input line 1002.

[11] [12] [13] [14]

LaTeX Font Warning: Font shape `OT1/ptm/m/scit' undefined
(Font)              using `OT1/ptm/m/sc' instead on input line 1497.


LaTeX Font Warning: Font shape `OT1/ptm/m/scit' undefined
(Font)              using `OT1/ptm/m/sc' instead on input line 1524.

[15]
Overfull \hbox (12.48808pt too wide) in paragraph at lines 1594--1604
\OT1/ptm/m/n/12 Mark $\OML/ztmcm/m/it/12 e[]$ \OT1/ptm/m/n/12 as well. Set $\OM
L/ztmcm/m/it/12 T[] \OT1/ztmcm/m/n/12 := [](\OML/ztmcm/m/it/12 T[]; v[]\OT1/ztm
cm/m/n/12 ;   \OML/ztmcm/m/it/12 e[]\OT1/ztmcm/m/n/12 )$ \OT1/ptm/m/n/12 and $\
OML/ztmcm/m/it/12 T[] \OT1/ztmcm/m/n/12 := [](\OML/ztmcm/m/it/12 T[]; v[]\OT1/z
tmcm/m/n/12 ;   \OML/ztmcm/m/it/12 e[]\OT1/ztmcm/m/n/12 )$ \OT1/ptm/m/n/12 Be-c
ause of lemma []2.2[],
 []


Overfull \hbox (20.95647pt too wide) in paragraph at lines 1609--1618
\OT1/ptm/m/n/12 Again, Be-cause of lemma []2.2[], Du-pli-ca-tor has a win-ning 
strat-egy in $\OML/ztmcm/m/it/12 d[]k\OT1/ztmcm/m/n/12 (\OML/ztmcm/m/it/12 T[];
 v[]\OT1/ztmcm/m/n/12 ;   \OML/ztmcm/m/it/12 T[]; v[]\OT1/ztmcm/m/n/12 )$
 []

[16]

LaTeX Font Warning: Font shape `OT1/ptm/m/scit' undefined
(Font)              using `OT1/ptm/m/sc' instead on input line 1760.

LaTeX Font Info:    Font shape `OT1/ptm/bx/n' in size <14.4> not available
(Font)              Font shape `OT1/ptm/b/n' tried instead on input line 1791.

Package hyperref Warning: Token not allowed in a PDF string (PDFDocEncoding):
(hyperref)                removing `math shift' on input line 1791.


Package hyperref Warning: Token not allowed in a PDF string (PDFDocEncoding):
(hyperref)                removing `math shift' on input line 1791.

[17]

LaTeX Font Warning: Font shape `OT1/ptm/m/scit' undefined
(Font)              using `OT1/ptm/m/sc' instead on input line 1903.

[18] [19]
Overfull \hbox (5.82086pt too wide) detected at line 2176
[] [][]\OML/ztmcm/m/it/12 G[][]r[][] \OMS/ztmcm/m/n/12  [] [][]\OML/ztmcm/m/it
/12 G[][]R[]:
 []

[20] [21] [22] [23]
Overfull \hbox (7.57567pt too wide) in paragraph at lines 2496--2502
\OT1/ptm/m/n/12 such that $\OML/ztmcm/m/it/12 e$ \OT1/ptm/m/n/12 is an ini-tial
 edge in $\OML/ztmcm/m/it/12 T[]$ \OT1/ptm/m/n/12 sat-is-fy-ing that for any $\
OML/ztmcm/m/it/12 u \OMS/ztmcm/m/n/12 2 \OML/ztmcm/m/it/12 V\OT1/ztmcm/m/n/12 (
\OML/ztmcm/m/it/12 e\OT1/ztmcm/m/n/12 )$ \OT1/ptm/m/n/12 with $\OML/ztmcm/m/it/
12 u \OMS/ztmcm/m/n/12 6\OT1/ztmcm/m/n/12 = \OML/ztmcm/m/it/12 v$\OT1/ptm/m/n/1
2 , it holds $\OML/ztmcm/m/it/12 Tr\OT1/ztmcm/m/n/12 (\OML/ztmcm/m/it/12 T[]\OT
1/ztmcm/m/n/12 (\OML/ztmcm/m/it/12 v\OT1/ztmcm/m/n/12 )\OML/ztmcm/m/it/12 ; u\O
T1/ztmcm/m/n/12 ) \OMS/ztmcm/m/n/12 2
 []

[24] [25] [26] [27] [28] [29]
Overfull \hbox (9.03981pt too wide) detected at line 3235
\OT1/ztmcm/m/n/12 E [] = [] [] [] + \OML/ztmcm/m/it/12 o\OT1/ztmcm/m/n/12 (1)\O
ML/ztmcm/m/it/12 :
 []

[30] [31] [32]
Overfull \hbox (42.50293pt too wide) in paragraph at lines 3537--3542
[]\OT1/ptm/m/n/12 For each $\OT1/ztmcm/m/n/12 0 \OMS/ztmcm/m/n/12  \OML/ztmcm/
m/it/12 j \OMS/ztmcm/m/n/12  \OML/ztmcm/m/it/12 l$ \OT1/ptm/m/n/12 and for any
 vari-ables $\OML/ztmcm/m/it/12 y[]; [] ; y[]$\OT1/ptm/m/n/12 , $\OML/ztmcm/m/i
t/12 y[]; [] ; y[]$ \OT1/ptm/m/n/12 it holds that $\OML/ztmcm/m/it/12 R[]\OT1/z
tmcm/m/n/12 (\OML/ztmcm/m/it/12 y[]; [] y[]; y[]; [] ; y[]\OT1/ztmcm/m/n/12 )$
 []

[33] [34]
Overfull \hbox (4.06715pt too wide) in paragraph at lines 3674--3677
\OT1/ptm/m/n/12 Denote by $\OML/ztmcm/m/it/12 dp$ \OT1/ptm/m/n/12 the prob-a-bi
l-ity den-sity func-tion of the vari-able $\OML/ztmcm/m/it/12 X[]\OT1/ztmcm/m/n
/12 (\OML/ztmcm/m/it/12 \OT1/ztmcm/m/n/12 )$\OT1/ptm/m/n/12 . That is $\OML/zt
mcm/m/it/12 dp\OT1/ztmcm/m/n/12 (\OML/ztmcm/m/it/12 m\OT1/ztmcm/m/n/12 ) = [](\
OML/ztmcm/m/it/12 X[]\OT1/ztmcm/m/n/12 (\OML/ztmcm/m/it/12 \OT1/ztmcm/m/n/12 )
 =
 []

[35]
Overfull \hbox (5.2996pt too wide) in paragraph at lines 3782--3782
[][][]\OT1/ptm/m/n/12 Albert 
 []


Overfull \hbox (5.2996pt too wide) in paragraph at lines 3782--3782
[][][]\OT1/ptm/m/n/12 Albert 
 []

[36] (Article.bbl) [37]
Package atveryend Info: Empty hook `BeforeClearDocument' on input line 3791.
Package atveryend Info: Empty hook `AfterLastShipout' on input line 3791.
 (Article.aux)
Package atveryend Info: Executing hook `AtVeryEndDocument' on input line 3791.
Package atveryend Info: Executing hook `AtEndAfterFileList' on input line 3791.

Package rerunfilecheck Info: File `Article.out' has not changed.
(rerunfilecheck)             Checksum: A4D100D0433F515C129628E37A2FD64F;1637.
Package atveryend Info: Empty hook `AtVeryVeryEnd' on input line 3791.
 ) 
Here is how much of TeX's memory you used:
 26647 strings out of 480932
 532064 string characters out of 2893351
 784370 words of memory out of 3000000
 41828 multiletter control sequences out of 15000+200000
 588895 words of font info for 149 fonts, out of 3000000 for 9000
 1141 hyphenation exceptions out of 8191
 67i,15n,96p,947b,1017s stack positions out of 5000i,500n,10000p,200000b,50000s
{C:/Users/Alberto Coronavirus/AppData/Local/Programs/MiKTeX 2.9/fonts/enc/dvi
ps/base/8r.enc}<C:/Users/Alberto Coronavirus/AppData/Local/Programs/MiKTeX 2.9/
fonts/type1/public/amsfonts/cm/cmex10.pfb><C:/Users/Alberto Coronavirus/AppData
/Local/Programs/MiKTeX 2.9/fonts/type1/public/amsfonts/cm/cmmi10.pfb><C:/Users/
Alberto Coronavirus/AppData/Local/Programs/MiKTeX 2.9/fonts/type1/public/amsfon
ts/cm/cmr10.pfb><C:/Users/Alberto Coronavirus/AppData/Local/Programs/MiKTeX 2.9
/fonts/type1/public/amsfonts/cm/cmsy10.pfb><C:/Users/Alberto Coronavirus/AppDat
a/Local/Programs/MiKTeX 2.9/fonts/type1/public/amsfonts/euler/eufm10.pfb><C:/Us
ers/Alberto Coronavirus/AppData/Local/Programs/MiKTeX 2.9/fonts/type1/public/am
sfonts/symbols/msam10.pfb><C:/Users/Alberto Coronavirus/AppData/Local/Programs/
MiKTeX 2.9/fonts/type1/public/amsfonts/symbols/msbm10.pfb><C:/Users/Alberto Cor
onavirus/AppData/Local/Programs/MiKTeX 2.9/fonts/type1/public/rsfs/rsfs10.pfb><
C:/Users/Alberto Coronavirus/AppData/Local/Programs/MiKTeX 2.9/fonts/type1/urw/
symbol/usyr.pfb><C:/Users/Alberto Coronavirus/AppData/Local/Programs/MiKTeX 2.9
/fonts/type1/urw/symbol/usyr.pfb><C:/Users/Alberto Coronavirus/AppData/Local/Pr
ograms/MiKTeX 2.9/fonts/type1/urw/times/utmb8a.pfb><C:/Users/Alberto Coronaviru
s/AppData/Local/Programs/MiKTeX 2.9/fonts/type1/urw/times/utmr8a.pfb><C:/Users/
Alberto Coronavirus/AppData/Local/Programs/MiKTeX 2.9/fonts/type1/urw/times/utm
ri8a.pfb>
Output written on Article.pdf (37 pages, 352476 bytes).
PDF statistics:
 555 PDF objects out of 1000 (max. 8388607)
 149 named destinations out of 1000 (max. 500000)
 293 words of extra memory for PDF output out of 10000 (max. 10000000)

