\BOOKMARK [1][-]{section.1}{Preliminaries}{}% 1
\BOOKMARK [2][-]{subsection.1.1}{General notation}{section.1}% 2
\BOOKMARK [2][-]{subsection.1.2}{Probabilistic preliminaries}{section.1}% 3
\BOOKMARK [2][-]{subsection.1.3}{Logical preliminaries}{section.1}% 4
\BOOKMARK [2][-]{subsection.1.4}{Structures as multi-hypergraphs}{section.1}% 5
\BOOKMARK [2][-]{subsection.1.5}{Ehrenfeucht-Fraisse Games}{section.1}% 6
\BOOKMARK [2][-]{subsection.1.6}{The random model}{section.1}% 7
\BOOKMARK [2][-]{subsection.1.7}{Main definitions}{section.1}% 8
\BOOKMARK [2][-]{subsection.1.8}{Main result and outline of the proof}{section.1}% 9
\BOOKMARK [1][-]{section.2}{Model theoretic results}{}% 10
\BOOKMARK [2][-]{subsection.2.1}{Winning strategies for Duplicator}{section.2}% 11
\BOOKMARK [2][-]{subsection.2.2}{k-Equivalent trees}{section.2}% 12
\BOOKMARK [2][-]{subsection.2.3}{k-Equivalent hypergraphs}{section.2}% 13
\BOOKMARK [2][-]{subsection.2.4}{Main result}{section.2}% 14
\BOOKMARK [1][-]{section.3}{Probabilistic results}{}% 15
\BOOKMARK [2][-]{subsection.3.1}{Almost all hypergraphs are simple}{section.3}% 16
\BOOKMARK [2][-]{subsection.3.2}{Probabilities of trees}{section.3}% 17
\BOOKMARK [2][-]{subsection.3.3}{Almost all graphs are \(k,r\)-rich}{section.3}% 18
\BOOKMARK [2][-]{subsection.3.4}{Probabilities of cycles}{section.3}% 19
\BOOKMARK [1][-]{section.4}{Proof of the main theorem}{}% 20
\BOOKMARK [1][-]{section.5}{Application to random SAT}{}% 21
